2020-09-10 08:21:06.600 [restartedMain] INFO  com.glch.FcgServApplication[50]-[] -Starting FcgServApplication on WIN-MA26JO3C7SA with PID 12736 (E:\CEC\fcg_serv\target\classes started by Administrator in E:\CEC\fcg_serv)
2020-09-10 08:21:06.618 [restartedMain] INFO  com.glch.FcgServApplication[666]-[] -The following profiles are active: fcg_serv,dev
2020-09-10 08:21:06.775 [restartedMain] INFO  o.s.b.w.s.c.AnnotationConfigServletWebServerApplicationContext[590]-[] -Refreshing org.springframework.boot.web.servlet.context.AnnotationConfigServletWebServerApplicationContext@65577d9a: startup date [Thu Sep 10 08:21:06 CST 2020]; root of context hierarchy
2020-09-10 08:21:12.919 [restartedMain] INFO  o.s.d.r.c.RepositoryConfigurationDelegate[163]-[] -Multiple Spring Data modules found, entering strict repository configuration mode!
2020-09-10 08:21:13.990 [restartedMain] INFO  o.s.b.f.a.AutowiredAnnotationBeanPostProcessor[153]-[] -JSR-330 'javax.inject.Inject' annotation found and supported for autowiring
2020-09-10 08:21:14.321 [restartedMain] INFO  o.s.c.s.PostProcessorRegistrationDelegate$BeanPostProcessorChecker[326]-[] -Bean 'org.springframework.transaction.annotation.ProxyTransactionManagementConfiguration' of type [org.springframework.transaction.annotation.ProxyTransactionManagementConfiguration$$EnhancerBySpringCGLIB$$b470bdca] is not eligible for getting processed by all BeanPostProcessors (for example: not eligible for auto-proxying)
2020-09-10 08:21:15.818 [restartedMain] ERROR o.a.c.core.AprLifecycleListener[180]-[] -An incompatible version [1.1.27] of the APR based Apache Tomcat Native library is installed, while Tomcat requires version [1.2.14]
2020-09-10 08:21:17.020 [restartedMain] INFO  o.s.b.w.e.tomcat.TomcatWebServer[91]-[] -Tomcat initialized with port(s): 8443 (https) 6890 (http)
2020-09-10 08:21:17.089 [restartedMain] ERROR o.a.c.core.AprLifecycleListener[180]-[] -An incompatible version [1.1.27] of the APR based Apache Tomcat Native library is installed, while Tomcat requires version [1.2.14]
2020-09-10 08:21:17.091 [restartedMain] INFO  o.a.coyote.http11.Http11NioProtocol[180]-[] -Initializing ProtocolHandler ["https-jsse-nio-8443"]
2020-09-10 08:21:17.131 [restartedMain] ERROR o.a.c.core.AprLifecycleListener[180]-[] -An incompatible version [1.1.27] of the APR based Apache Tomcat Native library is installed, while Tomcat requires version [1.2.14]
2020-09-10 08:21:17.132 [restartedMain] INFO  o.a.coyote.http11.Http11NioProtocol[180]-[] -Initializing ProtocolHandler ["http-nio-6890"]
2020-09-10 08:21:17.148 [restartedMain] INFO  o.a.tomcat.util.net.NioSelectorPool[180]-[] -Using a shared selector for servlet write/read
2020-09-10 08:21:17.153 [restartedMain] INFO  o.a.catalina.core.StandardService[180]-[] -Starting service [Tomcat]
2020-09-10 08:21:17.154 [restartedMain] INFO  o.a.catalina.core.StandardEngine[180]-[] -Starting Servlet Engine: Apache Tomcat/8.5.32
2020-09-10 08:21:17.176 [localhost-startStop-1] ERROR o.a.c.core.AprLifecycleListener[180]-[] -An incompatible version [1.1.27] of the APR based Apache Tomcat Native library is installed, while Tomcat requires version [1.2.14]
2020-09-10 08:21:17.521 [localhost-startStop-1] INFO  o.a.c.c.C.[Tomcat].[localhost].[/][180]-[] -Initializing Spring embedded WebApplicationContext
2020-09-10 08:21:17.521 [localhost-startStop-1] INFO  o.s.web.context.ContextLoader[285]-[] -Root WebApplicationContext: initialization completed in 10746 ms
2020-09-10 08:21:17.682 [localhost-startStop-1] INFO  o.s.b.w.s.ServletRegistrationBean[187]-[] -Servlet dispatcherServlet mapped to [/]
2020-09-10 08:21:17.686 [localhost-startStop-1] INFO  o.s.b.w.s.FilterRegistrationBean[245]-[] -Mapping filter: 'characterEncodingFilter' to: [/*]
2020-09-10 08:21:17.686 [localhost-startStop-1] INFO  o.s.b.w.s.FilterRegistrationBean[245]-[] -Mapping filter: 'hiddenHttpMethodFilter' to: [/*]
2020-09-10 08:21:17.687 [localhost-startStop-1] INFO  o.s.b.w.s.FilterRegistrationBean[245]-[] -Mapping filter: 'httpPutFormContentFilter' to: [/*]
2020-09-10 08:21:17.687 [localhost-startStop-1] INFO  o.s.b.w.s.FilterRegistrationBean[245]-[] -Mapping filter: 'requestContextFilter' to: [/*]
2020-09-10 08:21:25.210 [restartedMain] INFO  c.alibaba.druid.pool.DruidDataSource[991]-[] -{dataSource-1} inited
2020-09-10 08:21:28.984 [restartedMain] INFO  io.lettuce.core.EpollProvider[101]-[] -Starting without optional epoll library
2020-09-10 08:21:29.083 [restartedMain] INFO  io.lettuce.core.KqueueProvider[101]-[] -Starting without optional kqueue library
